<?xml version="1.0" encoding="UTF-8"?>
<!-- Generated by org.testng.reporters.JUnitReportReporter -->
<testsuite hostname="DESKTOP-U0F4G9S" failures="0" tests="1" name="com.unosquare.FirstapiTest" time="2.581" errors="0" timestamp="2024-09-19T15:45:13 COT" skipped="0">
  <testcase classname="com.unosquare.FirstapiTest" name="validateFirstUrl" time="2.581"/>
  <system-out>
    <![CDATA[Successfully validated the first URL]]>
  </system-out>
</testsuite> <!-- com.unosquare.FirstapiTest -->
